<?xml version="1.0" encoding="UTF-8"?>
<!-- Generated by org.testng.reporters.JUnitReportReporter -->
<testsuite skipped="0" hostname="DESKTOP-5IH978Q" name="Login_Test" tests="1" failures="0" timestamp="14 Oct 2019 14:20:30 GMT" time="16.080" errors="0">
  <testcase name="f" time="16.080" classname="Login_Test"/>
</testsuite> <!-- Login_Test -->
